Start testing: Sep 01 15:24 CEST
----------------------------------------------------------
1/2 Testing: toDoTest
1/2 Test: toDoTest
Command: "/work/jens/workspace/johnlampcmake/build/toDo"
Directory: /work/jens/workspace/johnlampcmake/build
"toDoTest" start time: Sep 01 15:24 CEST
Output:
----------------------------------------------------------
Test passed
<end of output>
Test time =   0.00 sec
----------------------------------------------------------
Test Passed.
"toDoTest" end time: Sep 01 15:24 CEST
"toDoTest" time elapsed: 00:00:00
----------------------------------------------------------

2/2 Testing: ToDoTest
2/2 Test: ToDoTest
Command: "/work/jens/workspace/johnlampcmake/build/ToDoCore/unit_test/ToDoTest"
Directory: /work/jens/workspace/johnlampcmake/build/ToDoCore/unit_test
"ToDoTest" start time: Sep 01 15:24 CEST
Output:
----------------------------------------------------------
/work/jens/workspace/johnlampcmake/build/ToDoCore/unit_test/ToDoTest: /usr/lib/i386-linux-gnu/libstdc++.so.6: version `GLIBCXX_3.4.20' not found (required by /work/jens/workspace/johnlampcmake/build/ToDoCore/unit_test/ToDoTest)
<end of output>
Test time =   0.00 sec
----------------------------------------------------------
Test Failed.
"ToDoTest" end time: Sep 01 15:24 CEST
"ToDoTest" time elapsed: 00:00:00
----------------------------------------------------------

End testing: Sep 01 15:24 CEST
